----------------------------------------------------------------
Thu Jan 09 20:18:06 PST 2014:
Booting Derby version The Apache Software Foundation - Apache Derby - 10.8.1.2 - (1095077): instance a816c00e-0143-7a5f-0c46-000009e35aa8 
on database directory C:\Users\Amit\Projects\cmsrepositories\indiantaxonline\version\db  with class loader WebappClassLoader
  context: /cms
  delegate: false
  repositories:
    /WEB-INF/classes/
----------> Parent Classloader:
org.apache.catalina.loader.StandardClassLoader@7b70eb94
 
Loaded from file:/C:/Users/Amit/Documents/GitHub/etaxfilestation/target/tomcat6x/webapps/cms/WEB-INF/lib/derby-10.8.1.2.jar
java.vendor=Oracle Corporation
java.runtime.version=1.7.0_45-b18
user.dir=C:\Users\Amit\Documents\GitHub\etaxfilestation
derby.system.home=null
Database Class Loader started - derby.database.classpath=''
----------------------------------------------------------------
Thu Jan 09 20:18:06 PST 2014:
Booting Derby version The Apache Software Foundation - Apache Derby - 10.8.1.2 - (1095077): instance 888c4022-0143-7a5f-0c46-000009e35aa8 
on database directory C:\Users\Amit\Projects\cmsrepositories\indiantaxonline\workspaces\default\db  with class loader WebappClassLoader
  context: /cms
  delegate: false
  repositories:
    /WEB-INF/classes/
----------> Parent Classloader:
org.apache.catalina.loader.StandardClassLoader@7b70eb94
 
Loaded from file:/C:/Users/Amit/Documents/GitHub/etaxfilestation/target/tomcat6x/webapps/cms/WEB-INF/lib/derby-10.8.1.2.jar
java.vendor=Oracle Corporation
java.runtime.version=1.7.0_45-b18
user.dir=C:\Users\Amit\Documents\GitHub\etaxfilestation
derby.system.home=null
Database Class Loader started - derby.database.classpath=''
