----------------------------------------------------------------
Sun Jul 14 16:42:20 PDT 2013:
Booting Derby version The Apache Software Foundation - Apache Derby - 10.8.1.2 - (1095077): instance a816c00e-013f-df90-4215-000006b406b8 
on database directory C:\Users\admin\Projects\Mootly\code\wcm\hippo\solutions\indianonlinetax\branches\indiateam\mootlywcm-uploaditr\target\storage\version\db  with class loader WebappClassLoader
  context: /cms
  delegate: false
  repositories:
    /WEB-INF/classes/
----------> Parent Classloader:
org.apache.catalina.loader.StandardClassLoader@2e8aeed0
 
Loaded from file:/C:/Users/admin/Projects/Mootly/code/wcm/hippo/solutions/indianonlinetax/branches/indiateam/mootlywcm-uploaditr/target/tomcat6x/webapps/cms/WEB-INF/lib/derby-10.8.1.2.jar
java.vendor=Sun Microsystems Inc.
java.runtime.version=1.6.0_25-b06
user.dir=C:\Users\admin\Projects\Mootly\code\wcm\hippo\solutions\indianonlinetax\branches\indiateam\mootlywcm-uploaditr
derby.system.home=null
Database Class Loader started - derby.database.classpath=''
----------------------------------------------------------------
Sun Jul 14 16:42:28 PDT 2013:
Booting Derby version The Apache Software Foundation - Apache Derby - 10.8.1.2 - (1095077): instance 4b6f00c8-013f-df90-4215-000006b406b8 
on database directory C:\Users\admin\Projects\Mootly\code\wcm\hippo\solutions\indianonlinetax\branches\indiateam\mootlywcm-uploaditr\target\storage\workspaces\default\db  with class loader WebappClassLoader
  context: /cms
  delegate: false
  repositories:
    /WEB-INF/classes/
----------> Parent Classloader:
org.apache.catalina.loader.StandardClassLoader@2e8aeed0
 
Loaded from file:/C:/Users/admin/Projects/Mootly/code/wcm/hippo/solutions/indianonlinetax/branches/indiateam/mootlywcm-uploaditr/target/tomcat6x/webapps/cms/WEB-INF/lib/derby-10.8.1.2.jar
java.vendor=Sun Microsystems Inc.
java.runtime.version=1.6.0_25-b06
user.dir=C:\Users\admin\Projects\Mootly\code\wcm\hippo\solutions\indianonlinetax\branches\indiateam\mootlywcm-uploaditr
derby.system.home=null
Database Class Loader started - derby.database.classpath=''
